TN:
SF:src/app.ts
FN:20,(anonymous_1)
FN:30,(anonymous_2)
FN:35,(anonymous_3)
FN:40,(anonymous_4)
FNF:4
FNH:0
FNDA:0,(anonymous_1)
FNDA:0,(anonymous_2)
FNDA:0,(anonymous_3)
FNDA:0,(anonymous_4)
DA:1,4
DA:2,4
DA:3,4
DA:4,4
DA:6,4
DA:8,4
DA:11,4
DA:15,4
DA:16,4
DA:19,4
DA:20,0
DA:21,0
DA:22,0
DA:27,4
DA:30,4
DA:31,0
DA:35,4
DA:36,0
DA:40,4
DA:41,0
DA:42,0
DA:45,4
LF:22
LH:15
BRDA:12,0,0,4
BRDA:12,0,1,0
BRDA:19,1,0,0
BRDA:19,1,1,4
BRF:4
BRH:2
end_of_record
TN:
SF:src/index.ts
FN:17,(anonymous_1)
FNF:1
FNH:0
FNDA:0,(anonymous_1)
DA:1,0
DA:2,0
DA:3,0
DA:5,0
DA:8,0
DA:9,0
DA:11,0
DA:12,0
DA:15,0
DA:17,0
DA:18,0
DA:19,0
LF:12
LH:0
BRDA:15,0,0,0
BRDA:15,0,1,0
BRDA:19,1,0,0
BRDA:19,1,1,0
BRF:4
BRH:0
end_of_record
TN:
SF:src/config/database.ts
FNF:0
FNH:0
DA:1,4
DA:2,4
DA:3,4
DA:5,4
DA:6,4
DA:9,4
DA:10,0
DA:14,4
DA:19,4
DA:21,4
LF:10
LH:9
BRDA:9,0,0,0
BRDA:9,0,1,4
BRDA:15,1,0,0
BRDA:15,1,1,4
BRF:4
BRH:2
end_of_record
TN:
SF:src/db/migrate.ts
FN:5,runMigrations
FN:23,resetDatabase
FNF:2
FNH:1
FNDA:4,runMigrations
FNDA:0,resetDatabase
DA:1,4
DA:2,4
DA:3,4
DA:5,4
DA:6,4
DA:7,4
DA:8,4
DA:11,4
DA:14,4
DA:16,4
DA:18,0
DA:19,0
DA:23,4
DA:24,0
DA:26,0
DA:28,0
DA:31,0
DA:40,0
DA:41,0
DA:42,0
DA:43,0
DA:45,0
DA:50,0
DA:53,0
DA:55,0
DA:57,0
DA:58,0
DA:63,4
DA:64,0
DA:66,0
DA:67,0
DA:69,0
DA:72,0
DA:73,0
LF:34
LH:12
BRDA:63,0,0,0
BRDA:63,0,1,4
BRDA:66,1,0,0
BRDA:66,1,1,0
BRF:4
BRH:1
end_of_record
TN:
SF:src/db/seed-data.ts
FN:37,parseRecord
FN:49,readJsonFile
FN:55,seedPromotions
FN:88,seedAthletes
FN:133,seedRankings
FN:211,seedAllData
FNF:6
FNH:0
FNDA:0,parseRecord
FNDA:0,readJsonFile
FNDA:0,seedPromotions
FNDA:0,seedAthletes
FNDA:0,seedRankings
FNDA:0,seedAllData
DA:1,0
DA:2,0
DA:3,0
DA:38,0
DA:39,0
DA:40,0
DA:46,0
DA:50,0
DA:51,0
DA:52,0
DA:55,0
DA:56,0
DA:58,0
DA:60,0
DA:61,0
DA:62,0
DA:65,0
DA:67,0
DA:68,0
DA:78,0
DA:80,0
DA:83,0
DA:88,0
DA:89,0
DA:91,0
DA:92,0
DA:93,0
DA:95,0
DA:96,0
DA:98,0
DA:100,0
DA:104,0
DA:105,0
DA:107,0
DA:121,0
DA:123,0
DA:127,0
DA:129,0
DA:133,0
DA:134,0
DA:136,0
DA:137,0
DA:140,0
DA:141,0
DA:144,0
DA:146,0
DA:150,0
DA:160,0
DA:163,0
DA:164,0
DA:166,0
DA:167,0
DA:171,0
DA:184,0
DA:185,0
DA:189,0
DA:202,0
DA:204,0
DA:207,0
DA:211,0
DA:212,0
DA:215,0
DA:218,0
DA:219,0
DA:220,0
DA:224,0
DA:225,0
DA:228,0
DA:232,0
DA:233,0
DA:234,0
LF:71
LH:0
BRDA:39,0,0,0
BRDA:39,0,1,0
BRDA:67,1,0,0
BRDA:67,1,1,0
BRDA:104,2,0,0
BRDA:104,2,1,0
BRDA:113,3,0,0
BRDA:113,3,1,0
BRDA:114,4,0,0
BRDA:114,4,1,0
BRDA:115,5,0,0
BRDA:115,5,1,0
BRDA:116,6,0,0
BRDA:116,6,1,0
BRDA:156,7,0,0
BRDA:156,7,1,0
BRDA:178,8,0,0
BRDA:178,8,1,0
BRDA:196,9,0,0
BRDA:196,9,1,0
BRDA:232,10,0,0
BRDA:232,10,1,0
BRF:22
BRH:0
end_of_record
TN:
SF:src/models/athlete.model.ts
FN:5,(anonymous_1)
FN:30,(anonymous_2)
FN:35,(anonymous_3)
FN:57,(anonymous_4)
FN:61,(anonymous_5)
FN:79,(anonymous_6)
FN:85,(anonymous_7)
FNF:7
FNH:6
FNDA:39,(anonymous_1)
FNDA:9,(anonymous_2)
FNDA:21,(anonymous_3)
FNDA:3,(anonymous_4)
FNDA:5,(anonymous_5)
FNDA:22,(anonymous_6)
FNDA:0,(anonymous_7)
DA:1,4
DA:4,4
DA:6,39
DA:7,39
DA:9,39
DA:10,2
DA:11,2
DA:14,39
DA:15,2
DA:16,2
DA:19,39
DA:20,2
DA:21,2
DA:24,39
DA:26,39
DA:27,39
DA:31,9
DA:32,9
DA:36,21
DA:41,21
DA:54,21
DA:58,3
DA:59,3
DA:61,3
DA:62,5
DA:63,5
DA:64,5
DA:68,3
DA:70,3
DA:71,3
DA:73,3
DA:74,3
DA:76,3
DA:80,22
DA:81,22
DA:82,22
DA:86,0
DA:87,0
LF:38
LH:36
BRDA:9,0,0,2
BRDA:9,0,1,37
BRDA:14,1,0,2
BRDA:14,1,1,37
BRDA:19,2,0,2
BRDA:19,2,1,37
BRDA:44,3,0,21
BRDA:44,3,1,7
BRDA:45,4,0,21
BRDA:45,4,1,17
BRDA:46,5,0,21
BRDA:46,5,1,21
BRDA:47,6,0,21
BRDA:47,6,1,13
BRDA:48,7,0,21
BRDA:48,7,1,14
BRDA:49,8,0,21
BRDA:49,8,1,14
BRDA:50,9,0,21
BRDA:50,9,1,21
BRDA:51,10,0,21
BRDA:51,10,1,21
BRDA:62,11,0,5
BRDA:62,11,1,0
BRDA:62,12,0,5
BRDA:62,12,1,5
BRDA:62,12,2,5
BRDA:68,13,0,0
BRDA:68,13,1,3
BRF:29
BRH:27
end_of_record
TN:
SF:src/models/event.model.ts
FN:5,(anonymous_1)
FN:10,(anonymous_2)
FN:15,(anonymous_3)
FN:34,(anonymous_4)
FN:38,(anonymous_5)
FN:56,(anonymous_6)
FN:62,(anonymous_7)
FNF:7
FNH:5
FNDA:0,(anonymous_1)
FNDA:9,(anonymous_2)
FNDA:11,(anonymous_3)
FNDA:2,(anonymous_4)
FNDA:4,(anonymous_5)
FNDA:2,(anonymous_6)
FNDA:0,(anonymous_7)
DA:1,4
DA:4,4
DA:6,0
DA:7,0
DA:11,9
DA:12,9
DA:16,11
DA:21,11
DA:31,11
DA:35,2
DA:36,2
DA:38,2
DA:39,4
DA:40,4
DA:41,4
DA:45,2
DA:47,2
DA:48,2
DA:50,2
DA:51,2
DA:53,2
DA:57,2
DA:58,2
DA:59,2
DA:63,0
DA:64,0
LF:26
LH:22
BRDA:25,0,0,11
BRDA:25,0,1,6
BRDA:26,1,0,11
BRDA:26,1,1,8
BRDA:27,2,0,11
BRDA:27,2,1,10
BRDA:28,3,0,11
BRDA:28,3,1,6
BRDA:39,4,0,4
BRDA:39,4,1,0
BRDA:39,5,0,4
BRDA:39,5,1,4
BRDA:39,5,2,4
BRDA:45,6,0,0
BRDA:45,6,1,2
BRF:15
BRH:13
end_of_record
TN:
SF:src/models/match.model.ts
FN:5,(anonymous_1)
FN:14,(anonymous_2)
FN:19,(anonymous_3)
FN:51,(anonymous_4)
FN:55,(anonymous_5)
FN:72,(anonymous_6)
FNF:6
FNH:2
FNDA:0,(anonymous_1)
FNDA:3,(anonymous_2)
FNDA:2,(anonymous_3)
FNDA:0,(anonymous_4)
FNDA:0,(anonymous_5)
FNDA:0,(anonymous_6)
DA:1,4
DA:4,4
DA:6,0
DA:7,0
DA:8,0
DA:10,0
DA:11,0
DA:15,3
DA:16,3
DA:20,2
DA:30,2
DA:48,2
DA:52,0
DA:53,0
DA:55,0
DA:56,0
DA:57,0
DA:58,0
DA:62,0
DA:64,0
DA:66,0
DA:67,0
DA:69,0
DA:73,0
DA:74,0
DA:75,0
LF:26
LH:7
BRDA:6,0,0,0
BRDA:6,0,1,0
BRDA:32,1,0,2
BRDA:32,1,1,1
BRDA:33,2,0,2
BRDA:33,2,1,2
BRDA:35,3,0,2
BRDA:35,3,1,1
BRDA:36,4,0,2
BRDA:36,4,1,2
BRDA:37,5,0,2
BRDA:37,5,1,2
BRDA:39,6,0,2
BRDA:39,6,1,1
BRDA:40,7,0,2
BRDA:40,7,1,2
BRDA:41,8,0,2
BRDA:41,8,1,1
BRDA:42,9,0,2
BRDA:42,9,1,1
BRDA:43,10,0,2
BRDA:43,10,1,1
BRDA:44,11,0,2
BRDA:44,11,1,1
BRDA:45,12,0,2
BRDA:45,12,1,1
BRDA:56,13,0,0
BRDA:56,13,1,0
BRDA:56,14,0,0
BRDA:56,14,1,0
BRDA:62,15,0,0
BRDA:62,15,1,0
BRF:32
BRH:24
end_of_record
TN:
SF:src/models/promotion.model.ts
FN:5,(anonymous_1)
FN:10,(anonymous_2)
FN:15,(anonymous_3)
FN:32,(anonymous_4)
FN:36,(anonymous_5)
FN:54,(anonymous_6)
FN:60,(anonymous_7)
FNF:7
FNH:7
FNDA:2,(anonymous_1)
FNDA:10,(anonymous_2)
FNDA:11,(anonymous_3)
FNDA:2,(anonymous_4)
FNDA:3,(anonymous_5)
FNDA:2,(anonymous_6)
FNDA:2,(anonymous_7)
DA:1,4
DA:4,4
DA:6,2
DA:7,2
DA:11,10
DA:12,10
DA:16,11
DA:21,11
DA:29,11
DA:33,2
DA:34,2
DA:36,2
DA:37,3
DA:38,3
DA:39,3
DA:43,2
DA:45,2
DA:46,2
DA:48,2
DA:49,2
DA:51,2
DA:55,2
DA:56,2
DA:57,2
DA:61,2
DA:62,2
LF:26
LH:26
BRDA:37,0,0,3
BRDA:37,0,1,0
BRDA:37,1,0,3
BRDA:37,1,1,3
BRDA:37,1,2,3
BRDA:43,2,0,0
BRDA:43,2,1,2
BRF:7
BRH:5
end_of_record
TN:
SF:src/models/ranking.model.ts
FN:5,(anonymous_1)
FN:14,(anonymous_2)
FN:22,(anonymous_3)
FN:25,(anonymous_4)
FN:28,(anonymous_5)
FN:46,(anonymous_6)
FN:50,(anonymous_7)
FN:73,(anonymous_8)
FN:81,(anonymous_9)
FN:86,(anonymous_10)
FN:102,(anonymous_11)
FN:106,(anonymous_12)
FN:124,(anonymous_13)
FNF:13
FNH:7
FNDA:7,(anonymous_1)
FNDA:7,(anonymous_2)
FNDA:3,(anonymous_3)
FNDA:3,(anonymous_4)
FNDA:17,(anonymous_5)
FNDA:0,(anonymous_6)
FNDA:0,(anonymous_7)
FNDA:0,(anonymous_8)
FNDA:8,(anonymous_9)
FNDA:8,(anonymous_10)
FNDA:0,(anonymous_11)
FNDA:0,(anonymous_12)
FNDA:0,(anonymous_13)
DA:1,4
DA:4,4
DA:6,7
DA:11,7
DA:15,7
DA:19,7
DA:23,3
DA:24,3
DA:25,3
DA:29,17
DA:34,17
DA:43,17
DA:47,0
DA:48,0
DA:50,0
DA:51,0
DA:52,0
DA:53,0
DA:54,0
DA:56,0
DA:57,0
DA:62,0
DA:64,0
DA:65,0
DA:67,0
DA:68,0
DA:70,0
DA:74,0
DA:75,0
DA:76,0
DA:80,4
DA:82,8
DA:83,8
DA:87,8
DA:92,8
DA:99,8
DA:103,0
DA:104,0
DA:106,0
DA:107,0
DA:108,0
DA:109,0
DA:113,0
DA:115,0
DA:116,0
DA:118,0
DA:119,0
DA:121,0
DA:125,0
DA:126,0
DA:127,0
LF:51
LH:18
BRDA:38,0,0,17
BRDA:38,0,1,17
BRDA:40,1,0,6
BRDA:40,1,1,11
BRDA:51,2,0,0
BRDA:51,2,1,0
BRDA:51,3,0,0
BRDA:51,3,1,0
BRDA:51,3,2,0
BRDA:52,4,0,0
BRDA:52,4,1,0
BRDA:54,5,0,0
BRDA:54,5,1,0
BRDA:62,6,0,0
BRDA:62,6,1,0
BRDA:95,7,0,8
BRDA:95,7,1,8
BRDA:107,8,0,0
BRDA:107,8,1,0
BRDA:107,9,0,0
BRDA:107,9,1,0
BRDA:107,9,2,0
BRDA:113,10,0,0
BRDA:113,10,1,0
BRF:24
BRH:6
end_of_record
TN:
SF:src/routes/athletes.ts
FN:7,(anonymous_0)
FN:32,(anonymous_1)
FN:50,(anonymous_2)
FN:63,(anonymous_3)
FN:81,(anonymous_4)
FNF:5
FNH:5
FNDA:7,(anonymous_0)
FNDA:2,(anonymous_1)
FNDA:2,(anonymous_2)
FNDA:3,(anonymous_3)
FNDA:2,(anonymous_4)
DA:1,4
DA:2,4
DA:4,4
DA:7,4
DA:8,7
DA:10,7
DA:11,7
DA:13,7
DA:19,7
DA:26,0
DA:27,0
DA:32,4
DA:33,2
DA:34,2
DA:36,2
DA:38,2
DA:39,1
DA:42,1
DA:44,0
DA:45,0
DA:50,4
DA:51,2
DA:52,2
DA:53,2
DA:55,2
DA:57,0
DA:58,0
DA:63,4
DA:64,3
DA:65,3
DA:66,3
DA:68,3
DA:69,1
DA:72,2
DA:73,2
DA:75,0
DA:76,0
DA:81,4
DA:82,2
DA:83,2
DA:84,2
DA:86,2
DA:87,1
DA:90,1
DA:92,0
DA:93,0
DA:97,4
LF:47
LH:37
BRDA:10,0,0,7
BRDA:10,0,1,7
BRDA:10,0,2,6
BRDA:38,1,0,1
BRDA:38,1,1,1
BRDA:68,2,0,1
BRDA:68,2,1,2
BRDA:86,3,0,1
BRDA:86,3,1,1
BRF:9
BRH:9
end_of_record
TN:
SF:src/routes/events.ts
FN:10,readDataFile
FN:17,(anonymous_2)
FN:43,(anonymous_3)
FN:50,(anonymous_4)
FN:66,(anonymous_5)
FN:87,(anonymous_6)
FN:100,(anonymous_7)
FN:118,(anonymous_8)
FN:135,(anonymous_9)
FNF:9
FNH:4
FNDA:0,readDataFile
FNDA:0,(anonymous_2)
FNDA:0,(anonymous_3)
FNDA:0,(anonymous_4)
FNDA:0,(anonymous_5)
FNDA:2,(anonymous_6)
FNDA:2,(anonymous_7)
FNDA:2,(anonymous_8)
FNDA:3,(anonymous_9)
DA:1,4
DA:2,4
DA:3,4
DA:4,4
DA:5,4
DA:7,4
DA:11,0
DA:12,0
DA:13,0
DA:17,4
DA:18,0
DA:20,0
DA:23,0
DA:25,0
DA:26,0
DA:35,0
DA:36,0
DA:38,0
DA:40,0
DA:41,0
DA:43,0
DA:44,0
DA:45,0
DA:47,0
DA:48,0
DA:50,0
DA:53,0
DA:60,0
DA:61,0
DA:66,4
DA:67,0
DA:68,0
DA:70,0
DA:73,0
DA:74,0
DA:75,0
DA:78,0
DA:81,0
DA:82,0
DA:87,4
DA:88,2
DA:89,2
DA:90,2
DA:92,2
DA:94,0
DA:95,0
DA:100,4
DA:101,2
DA:102,2
DA:103,2
DA:105,2
DA:106,1
DA:109,1
DA:110,1
DA:112,0
DA:113,0
DA:118,4
DA:119,2
DA:120,2
DA:121,2
DA:123,2
DA:124,1
DA:127,1
DA:129,0
DA:130,0
DA:135,4
DA:136,3
DA:137,3
DA:139,3
DA:140,3
DA:141,1
DA:144,2
DA:145,2
DA:147,2
DA:149,0
DA:150,0
DA:154,4
LF:77
LH:38
BRDA:20,0,0,0
BRDA:20,0,1,0
BRDA:20,0,2,0
BRDA:25,1,0,0
BRDA:25,1,1,0
BRDA:25,2,0,0
BRDA:25,2,1,0
BRDA:38,3,0,0
BRDA:38,3,1,0
BRDA:38,4,0,0
BRDA:38,4,1,0
BRDA:41,5,0,0
BRDA:41,5,1,0
BRDA:70,6,0,0
BRDA:70,6,1,0
BRDA:70,6,2,0
BRDA:105,7,0,1
BRDA:105,7,1,1
BRDA:123,8,0,1
BRDA:123,8,1,1
BRDA:140,9,0,1
BRDA:140,9,1,2
BRF:22
BRH:6
end_of_record
TN:
SF:src/routes/index.ts
FNF:0
FNH:0
DA:1,4
DA:2,4
DA:3,4
DA:4,4
DA:5,4
DA:7,4
DA:9,4
DA:10,4
DA:11,4
DA:12,4
DA:14,4
LF:11
LH:11
BRF:0
BRH:0
end_of_record
TN:
SF:src/routes/promotions.ts
FN:8,(anonymous_0)
FN:23,(anonymous_1)
FN:40,(anonymous_2)
FN:63,(anonymous_3)
FN:76,(anonymous_4)
FN:94,(anonymous_5)
FNF:6
FNH:6
FNDA:2,(anonymous_0)
FNDA:2,(anonymous_1)
FNDA:3,(anonymous_2)
FNDA:1,(anonymous_3)
FNDA:2,(anonymous_4)
FNDA:2,(anonymous_5)
DA:1,4
DA:2,4
DA:5,4
DA:8,4
DA:9,2
DA:10,2
DA:12,2
DA:17,0
DA:18,0
DA:23,4
DA:24,2
DA:25,2
DA:26,2
DA:28,2
DA:29,1
DA:32,1
DA:34,0
DA:35,0
DA:40,4
DA:41,3
DA:42,3
DA:43,3
DA:45,3
DA:46,1
DA:49,2
DA:51,2
DA:57,0
DA:58,0
DA:63,4
DA:64,1
DA:65,1
DA:66,1
DA:68,1
DA:70,0
DA:71,0
DA:76,4
DA:77,2
DA:78,2
DA:79,2
DA:81,2
DA:82,1
DA:85,1
DA:86,1
DA:88,0
DA:89,0
DA:94,4
DA:95,2
DA:96,2
DA:97,2
DA:99,2
DA:100,1
DA:103,1
DA:105,0
DA:106,0
DA:110,4
LF:55
LH:43
BRDA:28,0,0,1
BRDA:28,0,1,1
BRDA:45,1,0,1
BRDA:45,1,1,2
BRDA:81,2,0,1
BRDA:81,2,1,1
BRDA:99,3,0,1
BRDA:99,3,1,1
BRF:8
BRH:8
end_of_record
TN:
SF:src/routes/rankings.ts
FN:7,(anonymous_0)
FN:26,(anonymous_1)
FN:34,(anonymous_2)
FN:40,(anonymous_3)
FN:59,(anonymous_4)
FN:73,(anonymous_5)
FN:82,(anonymous_6)
FN:94,(anonymous_7)
FNF:8
FNH:8
FNDA:3,(anonymous_0)
FNDA:3,(anonymous_1)
FNDA:3,(anonymous_2)
FNDA:4,(anonymous_3)
FNDA:3,(anonymous_4)
FNDA:4,(anonymous_5)
FNDA:2,(anonymous_6)
FNDA:3,(anonymous_7)
DA:1,4
DA:2,4
DA:4,4
DA:7,4
DA:8,3
DA:10,3
DA:12,3
DA:14,3
DA:20,0
DA:21,0
DA:26,4
DA:27,3
DA:29,3
DA:31,3
DA:32,3
DA:34,3
DA:35,3
DA:36,3
DA:38,3
DA:40,4
DA:44,3
DA:46,3
DA:53,0
DA:54,0
DA:59,4
DA:60,3
DA:61,3
DA:63,3
DA:65,3
DA:66,3
DA:68,3
DA:73,4
DA:76,0
DA:77,0
DA:82,4
DA:83,2
DA:84,2
DA:86,2
DA:88,0
DA:89,0
DA:94,4
DA:95,3
DA:96,3
DA:98,3
DA:100,0
DA:101,0
DA:105,4
LF:47
LH:37
BRDA:10,0,0,3
BRDA:10,0,1,3
BRDA:10,0,2,2
BRDA:29,1,0,3
BRDA:29,1,1,3
BRDA:29,1,2,2
BRDA:63,2,0,3
BRDA:63,2,1,3
BRDA:63,2,2,2
BRF:9
BRH:9
end_of_record
