TN:
SF:src/app.ts
FN:20,(anonymous_1)
FN:30,(anonymous_2)
FN:35,(anonymous_3)
FN:40,(anonymous_4)
FNF:4
FNH:0
FNDA:0,(anonymous_1)
FNDA:0,(anonymous_2)
FNDA:0,(anonymous_3)
FNDA:0,(anonymous_4)
DA:1,4
DA:2,4
DA:3,4
DA:4,4
DA:6,4
DA:8,4
DA:11,4
DA:15,4
DA:16,4
DA:19,4
DA:20,0
DA:21,0
DA:22,0
DA:27,4
DA:30,4
DA:31,0
DA:35,4
DA:36,0
DA:40,4
DA:41,0
DA:42,0
DA:45,4
LF:22
LH:15
BRDA:12,0,0,4
BRDA:12,0,1,0
BRDA:19,1,0,0
BRDA:19,1,1,4
BRF:4
BRH:2
end_of_record
TN:
SF:src/index.ts
FN:17,(anonymous_1)
FNF:1
FNH:0
FNDA:0,(anonymous_1)
DA:1,0
DA:2,0
DA:3,0
DA:5,0
DA:8,0
DA:9,0
DA:11,0
DA:12,0
DA:15,0
DA:17,0
DA:18,0
DA:19,0
LF:12
LH:0
BRDA:15,0,0,0
BRDA:15,0,1,0
BRDA:19,1,0,0
BRDA:19,1,1,0
BRF:4
BRH:0
end_of_record
TN:
SF:src/config/database.ts
FNF:0
FNH:0
DA:1,4
DA:2,4
DA:3,4
DA:5,4
DA:6,4
DA:9,4
DA:10,0
DA:14,4
DA:19,4
DA:21,4
LF:10
LH:9
BRDA:9,0,0,0
BRDA:9,0,1,4
BRDA:15,1,0,0
BRDA:15,1,1,4
BRF:4
BRH:2
end_of_record
TN:
SF:src/db/migrate.ts
FN:5,runMigrations
FNF:1
FNH:1
FNDA:4,runMigrations
DA:1,4
DA:2,4
DA:3,4
DA:5,4
DA:6,4
DA:7,4
DA:8,4
DA:11,4
DA:13,4
DA:15,0
DA:16,0
DA:21,4
DA:22,0
DA:23,0
DA:24,0
LF:15
LH:10
BRDA:21,0,0,0
BRDA:21,0,1,4
BRF:2
BRH:1
end_of_record
TN:
SF:src/db/seed-promotions.ts
FN:5,readPromotionFile
FN:11,seedPromotions
FN:54,(anonymous_3)
FNF:3
FNH:0
FNDA:0,readPromotionFile
FNDA:0,seedPromotions
FNDA:0,(anonymous_3)
DA:1,0
DA:2,0
DA:3,0
DA:6,0
DA:7,0
DA:8,0
DA:12,0
DA:13,0
DA:16,0
DA:17,0
DA:20,0
DA:21,0
DA:22,0
DA:23,0
DA:24,0
DA:26,0
DA:27,0
DA:29,0
DA:31,0
DA:35,0
DA:36,0
DA:37,0
DA:38,0
DA:39,0
DA:41,0
DA:42,0
DA:44,0
DA:46,0
DA:49,0
DA:52,0
DA:53,0
DA:54,0
DA:55,0
DA:58,0
DA:59,0
DA:64,0
DA:65,0
DA:66,0
DA:69,0
LF:39
LH:0
BRDA:22,0,0,0
BRDA:22,0,1,0
BRDA:37,1,0,0
BRDA:37,1,1,0
BRDA:64,2,0,0
BRDA:64,2,1,0
BRF:6
BRH:0
end_of_record
TN:
SF:src/models/athlete.model.ts
FN:5,(anonymous_1)
FN:30,(anonymous_2)
FN:35,(anonymous_3)
FN:57,(anonymous_4)
FN:61,(anonymous_5)
FN:79,(anonymous_6)
FN:85,(anonymous_7)
FNF:7
FNH:6
FNDA:39,(anonymous_1)
FNDA:9,(anonymous_2)
FNDA:21,(anonymous_3)
FNDA:3,(anonymous_4)
FNDA:5,(anonymous_5)
FNDA:22,(anonymous_6)
FNDA:0,(anonymous_7)
DA:1,4
DA:4,4
DA:6,39
DA:7,39
DA:9,39
DA:10,2
DA:11,2
DA:14,39
DA:15,2
DA:16,2
DA:19,39
DA:20,2
DA:21,2
DA:24,39
DA:26,39
DA:27,39
DA:31,9
DA:32,9
DA:36,21
DA:41,21
DA:54,21
DA:58,3
DA:59,3
DA:61,3
DA:62,5
DA:63,5
DA:64,5
DA:68,3
DA:70,3
DA:71,3
DA:73,3
DA:74,3
DA:76,3
DA:80,22
DA:81,22
DA:82,22
DA:86,0
DA:87,0
LF:38
LH:36
BRDA:9,0,0,2
BRDA:9,0,1,37
BRDA:14,1,0,2
BRDA:14,1,1,37
BRDA:19,2,0,2
BRDA:19,2,1,37
BRDA:44,3,0,21
BRDA:44,3,1,7
BRDA:45,4,0,21
BRDA:45,4,1,17
BRDA:46,5,0,21
BRDA:46,5,1,21
BRDA:47,6,0,21
BRDA:47,6,1,13
BRDA:48,7,0,21
BRDA:48,7,1,14
BRDA:49,8,0,21
BRDA:49,8,1,14
BRDA:50,9,0,21
BRDA:50,9,1,21
BRDA:51,10,0,21
BRDA:51,10,1,21
BRDA:62,11,0,5
BRDA:62,11,1,0
BRDA:62,12,0,5
BRDA:62,12,1,5
BRDA:62,12,2,5
BRDA:68,13,0,0
BRDA:68,13,1,3
BRF:29
BRH:27
end_of_record
TN:
SF:src/models/event.model.ts
FN:5,(anonymous_1)
FN:10,(anonymous_2)
FN:15,(anonymous_3)
FN:34,(anonymous_4)
FN:38,(anonymous_5)
FN:56,(anonymous_6)
FN:62,(anonymous_7)
FNF:7
FNH:6
FNDA:18,(anonymous_1)
FNDA:9,(anonymous_2)
FNDA:9,(anonymous_3)
FNDA:2,(anonymous_4)
FNDA:4,(anonymous_5)
FNDA:10,(anonymous_6)
FNDA:0,(anonymous_7)
DA:1,4
DA:4,4
DA:6,18
DA:7,18
DA:11,9
DA:12,9
DA:16,9
DA:21,9
DA:31,9
DA:35,2
DA:36,2
DA:38,2
DA:39,4
DA:40,4
DA:41,4
DA:45,2
DA:47,2
DA:48,2
DA:50,2
DA:51,2
DA:53,2
DA:57,10
DA:58,10
DA:59,10
DA:63,0
DA:64,0
LF:26
LH:24
BRDA:25,0,0,9
BRDA:25,0,1,6
BRDA:26,1,0,9
BRDA:26,1,1,6
BRDA:27,2,0,9
BRDA:27,2,1,8
BRDA:28,3,0,9
BRDA:28,3,1,6
BRDA:39,4,0,4
BRDA:39,4,1,0
BRDA:39,5,0,4
BRDA:39,5,1,4
BRDA:39,5,2,4
BRDA:45,6,0,0
BRDA:45,6,1,2
BRF:15
BRH:13
end_of_record
TN:
SF:src/models/match.model.ts
FN:5,(anonymous_1)
FN:14,(anonymous_2)
FN:19,(anonymous_3)
FN:51,(anonymous_4)
FN:55,(anonymous_5)
FN:72,(anonymous_6)
FNF:6
FNH:2
FNDA:0,(anonymous_1)
FNDA:3,(anonymous_2)
FNDA:2,(anonymous_3)
FNDA:0,(anonymous_4)
FNDA:0,(anonymous_5)
FNDA:0,(anonymous_6)
DA:1,4
DA:4,4
DA:6,0
DA:7,0
DA:8,0
DA:10,0
DA:11,0
DA:15,3
DA:16,3
DA:20,2
DA:30,2
DA:48,2
DA:52,0
DA:53,0
DA:55,0
DA:56,0
DA:57,0
DA:58,0
DA:62,0
DA:64,0
DA:66,0
DA:67,0
DA:69,0
DA:73,0
DA:74,0
DA:75,0
LF:26
LH:7
BRDA:6,0,0,0
BRDA:6,0,1,0
BRDA:32,1,0,2
BRDA:32,1,1,1
BRDA:33,2,0,2
BRDA:33,2,1,2
BRDA:35,3,0,2
BRDA:35,3,1,1
BRDA:36,4,0,2
BRDA:36,4,1,2
BRDA:37,5,0,2
BRDA:37,5,1,2
BRDA:39,6,0,2
BRDA:39,6,1,1
BRDA:40,7,0,2
BRDA:40,7,1,2
BRDA:41,8,0,2
BRDA:41,8,1,1
BRDA:42,9,0,2
BRDA:42,9,1,1
BRDA:43,10,0,2
BRDA:43,10,1,1
BRDA:44,11,0,2
BRDA:44,11,1,1
BRDA:45,12,0,2
BRDA:45,12,1,1
BRDA:56,13,0,0
BRDA:56,13,1,0
BRDA:56,14,0,0
BRDA:56,14,1,0
BRDA:62,15,0,0
BRDA:62,15,1,0
BRF:32
BRH:24
end_of_record
TN:
SF:src/models/promotion.model.ts
FN:5,(anonymous_1)
FN:9,(anonymous_2)
FN:15,(anonymous_3)
FN:27,(anonymous_4)
FN:45,(anonymous_5)
FN:49,(anonymous_6)
FN:71,(anonymous_7)
FN:77,(anonymous_8)
FN:89,(anonymous_9)
FNF:9
FNH:9
FNDA:21,(anonymous_1)
FNDA:19,(anonymous_2)
FNDA:25,(anonymous_3)
FNDA:18,(anonymous_4)
FNDA:5,(anonymous_5)
FNDA:6,(anonymous_6)
FNDA:19,(anonymous_7)
FNDA:2,(anonymous_8)
FNDA:2,(anonymous_9)
DA:1,4
DA:4,4
DA:6,21
DA:7,21
DA:9,21
DA:16,25
DA:17,25
DA:19,25
DA:21,21
DA:28,18
DA:33,18
DA:42,18
DA:46,5
DA:47,5
DA:49,5
DA:50,6
DA:51,6
DA:52,6
DA:53,3
DA:55,3
DA:60,5
DA:62,5
DA:63,5
DA:65,5
DA:66,5
DA:68,5
DA:72,19
DA:73,19
DA:74,19
DA:78,2
DA:79,2
DA:81,2
DA:82,1
DA:83,1
DA:86,1
DA:90,2
DA:91,2
DA:93,2
DA:94,2
DA:95,1
DA:96,1
DA:99,1
LF:42
LH:42
BRDA:19,0,0,4
BRDA:19,0,1,21
BRDA:39,1,0,18
BRDA:39,1,1,1
BRDA:50,2,0,6
BRDA:50,2,1,0
BRDA:50,3,0,6
BRDA:50,3,1,6
BRDA:50,3,2,6
BRDA:52,4,0,3
BRDA:52,4,1,3
BRDA:60,5,0,0
BRDA:60,5,1,5
BRDA:79,6,0,0
BRDA:79,6,1,2
BRDA:81,7,0,1
BRDA:81,7,1,1
BRDA:91,8,0,0
BRDA:91,8,1,2
BRDA:94,9,0,1
BRDA:94,9,1,1
BRF:21
BRH:17
end_of_record
TN:
SF:src/models/ranking.model.ts
FN:5,(anonymous_1)
FN:14,(anonymous_2)
FN:22,(anonymous_3)
FN:25,(anonymous_4)
FN:28,(anonymous_5)
FN:46,(anonymous_6)
FN:50,(anonymous_7)
FN:73,(anonymous_8)
FN:81,(anonymous_9)
FN:86,(anonymous_10)
FN:102,(anonymous_11)
FN:106,(anonymous_12)
FN:124,(anonymous_13)
FNF:13
FNH:7
FNDA:7,(anonymous_1)
FNDA:7,(anonymous_2)
FNDA:3,(anonymous_3)
FNDA:3,(anonymous_4)
FNDA:17,(anonymous_5)
FNDA:0,(anonymous_6)
FNDA:0,(anonymous_7)
FNDA:0,(anonymous_8)
FNDA:8,(anonymous_9)
FNDA:8,(anonymous_10)
FNDA:0,(anonymous_11)
FNDA:0,(anonymous_12)
FNDA:0,(anonymous_13)
DA:1,4
DA:4,4
DA:6,7
DA:11,7
DA:15,7
DA:19,7
DA:23,3
DA:24,3
DA:25,3
DA:29,17
DA:34,17
DA:43,17
DA:47,0
DA:48,0
DA:50,0
DA:51,0
DA:52,0
DA:53,0
DA:54,0
DA:56,0
DA:57,0
DA:62,0
DA:64,0
DA:65,0
DA:67,0
DA:68,0
DA:70,0
DA:74,0
DA:75,0
DA:76,0
DA:80,4
DA:82,8
DA:83,8
DA:87,8
DA:92,8
DA:99,8
DA:103,0
DA:104,0
DA:106,0
DA:107,0
DA:108,0
DA:109,0
DA:113,0
DA:115,0
DA:116,0
DA:118,0
DA:119,0
DA:121,0
DA:125,0
DA:126,0
DA:127,0
LF:51
LH:18
BRDA:38,0,0,17
BRDA:38,0,1,17
BRDA:40,1,0,6
BRDA:40,1,1,11
BRDA:51,2,0,0
BRDA:51,2,1,0
BRDA:51,3,0,0
BRDA:51,3,1,0
BRDA:51,3,2,0
BRDA:52,4,0,0
BRDA:52,4,1,0
BRDA:54,5,0,0
BRDA:54,5,1,0
BRDA:62,6,0,0
BRDA:62,6,1,0
BRDA:95,7,0,8
BRDA:95,7,1,8
BRDA:107,8,0,0
BRDA:107,8,1,0
BRDA:107,9,0,0
BRDA:107,9,1,0
BRDA:107,9,2,0
BRDA:113,10,0,0
BRDA:113,10,1,0
BRF:24
BRH:6
end_of_record
TN:
SF:src/routes/athletes.ts
FN:7,(anonymous_0)
FN:29,(anonymous_1)
FN:47,(anonymous_2)
FN:60,(anonymous_3)
FN:78,(anonymous_4)
FNF:5
FNH:5
FNDA:7,(anonymous_0)
FNDA:2,(anonymous_1)
FNDA:2,(anonymous_2)
FNDA:3,(anonymous_3)
FNDA:2,(anonymous_4)
DA:1,4
DA:2,4
DA:4,4
DA:7,4
DA:8,7
DA:9,7
DA:11,7
DA:17,7
DA:23,0
DA:24,0
DA:29,4
DA:30,2
DA:31,2
DA:33,2
DA:35,2
DA:36,1
DA:39,1
DA:41,0
DA:42,0
DA:47,4
DA:48,2
DA:49,2
DA:50,2
DA:52,2
DA:54,0
DA:55,0
DA:60,4
DA:61,3
DA:62,3
DA:63,3
DA:65,3
DA:66,1
DA:69,2
DA:70,2
DA:72,0
DA:73,0
DA:78,4
DA:79,2
DA:80,2
DA:81,2
DA:83,2
DA:84,1
DA:87,1
DA:89,0
DA:90,0
DA:94,4
LF:46
LH:36
BRDA:9,0,0,6
BRDA:35,1,0,1
BRDA:35,1,1,1
BRDA:65,2,0,1
BRDA:65,2,1,2
BRDA:83,3,0,1
BRDA:83,3,1,1
BRF:7
BRH:7
end_of_record
TN:
SF:src/routes/events.ts
FN:10,readDataFile
FN:17,(anonymous_2)
FN:41,(anonymous_3)
FN:48,(anonymous_4)
FN:63,(anonymous_5)
FN:83,(anonymous_6)
FN:96,(anonymous_7)
FN:114,(anonymous_8)
FN:131,(anonymous_9)
FNF:9
FNH:4
FNDA:0,readDataFile
FNDA:0,(anonymous_2)
FNDA:0,(anonymous_3)
FNDA:0,(anonymous_4)
FNDA:0,(anonymous_5)
FNDA:2,(anonymous_6)
FNDA:2,(anonymous_7)
FNDA:2,(anonymous_8)
FNDA:3,(anonymous_9)
DA:1,4
DA:2,4
DA:3,4
DA:4,4
DA:5,4
DA:7,4
DA:11,0
DA:12,0
DA:13,0
DA:17,4
DA:18,0
DA:19,0
DA:22,0
DA:24,0
DA:25,0
DA:33,0
DA:34,0
DA:36,0
DA:38,0
DA:39,0
DA:41,0
DA:42,0
DA:43,0
DA:45,0
DA:46,0
DA:48,0
DA:51,0
DA:57,0
DA:58,0
DA:63,4
DA:64,0
DA:65,0
DA:66,0
DA:69,0
DA:70,0
DA:71,0
DA:74,0
DA:77,0
DA:78,0
DA:83,4
DA:84,2
DA:85,2
DA:86,2
DA:88,2
DA:90,0
DA:91,0
DA:96,4
DA:97,2
DA:98,2
DA:99,2
DA:101,2
DA:102,1
DA:105,1
DA:106,1
DA:108,0
DA:109,0
DA:114,4
DA:115,2
DA:116,2
DA:117,2
DA:119,2
DA:120,1
DA:123,1
DA:125,0
DA:126,0
DA:131,4
DA:132,3
DA:133,3
DA:135,3
DA:136,3
DA:137,1
DA:140,2
DA:141,2
DA:143,2
DA:145,0
DA:146,0
DA:150,4
LF:77
LH:38
BRDA:19,0,0,0
BRDA:24,1,0,0
BRDA:24,1,1,0
BRDA:24,2,0,0
BRDA:24,2,1,0
BRDA:36,3,0,0
BRDA:36,3,1,0
BRDA:36,4,0,0
BRDA:36,4,1,0
BRDA:39,5,0,0
BRDA:39,5,1,0
BRDA:66,6,0,0
BRDA:101,7,0,1
BRDA:101,7,1,1
BRDA:119,8,0,1
BRDA:119,8,1,1
BRDA:136,9,0,1
BRDA:136,9,1,2
BRF:18
BRH:6
end_of_record
TN:
SF:src/routes/index.ts
FNF:0
FNH:0
DA:1,4
DA:2,4
DA:3,4
DA:4,4
DA:5,4
DA:7,4
DA:9,4
DA:10,4
DA:11,4
DA:12,4
DA:14,4
LF:11
LH:11
BRF:0
BRH:0
end_of_record
TN:
SF:src/routes/promotions.ts
FN:7,(anonymous_0)
FN:22,(anonymous_1)
FN:39,(anonymous_2)
FN:52,(anonymous_3)
FN:70,(anonymous_4)
FN:87,(anonymous_5)
FN:118,(anonymous_6)
FNF:7
FNH:7
FNDA:2,(anonymous_0)
FNDA:2,(anonymous_1)
FNDA:2,(anonymous_2)
FNDA:3,(anonymous_3)
FNDA:2,(anonymous_4)
FNDA:4,(anonymous_5)
FNDA:4,(anonymous_6)
DA:1,4
DA:2,4
DA:4,4
DA:7,4
DA:8,2
DA:9,2
DA:11,2
DA:16,0
DA:17,0
DA:22,4
DA:23,2
DA:24,2
DA:25,2
DA:27,2
DA:28,1
DA:31,1
DA:33,0
DA:34,0
DA:39,4
DA:40,2
DA:41,2
DA:42,2
DA:44,2
DA:46,0
DA:47,0
DA:52,4
DA:53,3
DA:54,3
DA:55,3
DA:57,3
DA:58,1
DA:61,2
DA:62,2
DA:64,0
DA:65,0
DA:70,4
DA:71,2
DA:72,2
DA:73,2
DA:75,2
DA:76,1
DA:79,1
DA:81,0
DA:82,0
DA:87,4
DA:88,4
DA:89,4
DA:90,4
DA:92,4
DA:93,1
DA:96,3
DA:97,3
DA:98,1
DA:101,2
DA:102,2
DA:103,0
DA:106,2
DA:107,2
DA:112,0
DA:113,0
DA:118,4
DA:119,4
DA:120,4
DA:121,4
DA:123,4
DA:124,1
DA:127,3
DA:128,3
DA:129,1
DA:132,2
DA:133,2
DA:134,0
DA:137,2
DA:138,2
DA:143,0
DA:144,0
DA:148,4
LF:77
LH:61
BRDA:27,0,0,1
BRDA:27,0,1,1
BRDA:57,1,0,1
BRDA:57,1,1,2
BRDA:75,2,0,1
BRDA:75,2,1,1
BRDA:92,3,0,1
BRDA:92,3,1,3
BRDA:97,4,0,1
BRDA:97,4,1,2
BRDA:102,5,0,0
BRDA:102,5,1,2
BRDA:123,6,0,1
BRDA:123,6,1,3
BRDA:123,7,0,4
BRDA:123,7,1,3
BRDA:128,8,0,1
BRDA:128,8,1,2
BRDA:133,9,0,0
BRDA:133,9,1,2
BRF:20
BRH:18
end_of_record
TN:
SF:src/routes/rankings.ts
FN:7,(anonymous_0)
FN:24,(anonymous_1)
FN:31,(anonymous_2)
FN:37,(anonymous_3)
FN:55,(anonymous_4)
FN:67,(anonymous_5)
FN:76,(anonymous_6)
FN:88,(anonymous_7)
FNF:8
FNH:8
FNDA:3,(anonymous_0)
FNDA:3,(anonymous_1)
FNDA:3,(anonymous_2)
FNDA:4,(anonymous_3)
FNDA:3,(anonymous_4)
FNDA:4,(anonymous_5)
FNDA:2,(anonymous_6)
FNDA:3,(anonymous_7)
DA:1,4
DA:2,4
DA:4,4
DA:7,4
DA:8,3
DA:9,3
DA:11,3
DA:13,3
DA:18,0
DA:19,0
DA:24,4
DA:25,3
DA:26,3
DA:28,3
DA:29,3
DA:31,3
DA:32,3
DA:33,3
DA:35,3
DA:37,4
DA:41,3
DA:43,3
DA:49,0
DA:50,0
DA:55,4
DA:56,3
DA:57,3
DA:58,3
DA:60,3
DA:61,3
DA:63,3
DA:67,4
DA:70,0
DA:71,0
DA:76,4
DA:77,2
DA:78,2
DA:80,2
DA:82,0
DA:83,0
DA:88,4
DA:89,3
DA:90,3
DA:92,3
DA:94,0
DA:95,0
DA:99,4
LF:47
LH:37
BRDA:9,0,0,2
BRDA:26,1,0,2
BRDA:58,2,0,2
BRF:3
BRH:3
end_of_record
